ABPC   XT    9.460800   -64.820700    108.8  2004-01-09 00:00:00    2005-05-06 00:00:00    Aragua de Barcelona
ARPC   XT    9.743800   -63.797200    295.6  2004-01-08 00:00:00    2005-05-07 00:00:00    Areo
B151   XT   12.991500   -67.651300  -3616.0  2004-03-16 00:00:00    2005-03-19 00:00:00    Bacardi 151
BLOS   XT   11.570800   -61.667700   -461.0  2004-03-22 00:00:00    2005-03-13 00:00:00    Black Orchid Shooter
BTBT   XT   11.498900   -62.501000   -129.0  2004-03-22 00:00:00    2005-03-13 00:00:00    Bat Bite
CAPC   XT    7.342900   -61.825600    176.5  2003-12-10 00:00:00    2005-05-09 00:00:00    El Callao
CMPC   XT    7.650800   -64.073100    142.7  2003-12-12 00:00:00    2005-05-07 00:00:00    Cerro El Mono
CUBA   XT   11.849900   -65.418000  -3997.0  2004-03-19 00:00:00    2005-03-17 00:00:00    Cuba Libre
CUPC   XT   10.157600   -63.826400   1402.9  2003-12-03 00:00:00    2005-05-08 00:00:00    Cumanacoa
DKSS   XT   11.751500   -63.769900  -1117.0  2004-03-21 00:00:00    2005-03-15 00:00:00    Devil's Kiss
DRKS   XT   11.999200   -62.668500  -2400.0  2004-03-22 00:00:00    2005-03-14 00:00:00    Dark and Stormy
EDPC   XT    6.712600   -61.639200    122.8  2003-12-11 00:00:00    2005-05-10 00:00:00    El Dorado
FCPC   XT    9.650200   -66.834200    210.0  2003-12-11 00:00:00    2005-05-06 00:00:00    San Francisco de Cara
JMPC   XT    9.887200   -67.396800    497.5  2003-12-14 00:00:00    2005-05-05 00:00:00    San Juan de Los Morros
LAPC   XT    8.985000   -65.771900    160.8  2003-12-12 00:00:00    2005-05-08 00:00:00    Socorro
LMPC   XT    9.355300   -67.384300    145.5  2004-01-10 00:00:00    2004-05-09 00:00:00    Hato La Cueva
LMPC2  XT    9.355500   -67.383300    145.8  2004-07-08 00:00:00    2005-05-07 00:00:00    Hato La Cueva
MAPC   XT    7.416900   -65.188100     51.6  2003-12-08 00:00:00    2005-05-07 00:00:00    Maripa
MHTO   XT   13.949700   -66.491000  -4997.0  2004-03-16 00:00:00    2005-03-20 00:00:00    Mohito
MIPC   XT   10.945500   -64.294400      3.2  2003-12-04 00:00:00    2005-03-06 00:00:00    Margarita Island
MNPC   XT    8.987600   -62.744400     43.0  2003-12-14 00:00:00    2005-05-09 00:00:00    Mata Negra
MOPC   XT    6.586100   -66.842600     95.7  2003-12-07 00:00:00    2005-05-12 00:00:00    Morachalito
MUPC   XT    8.327400   -64.294600    129.8  2003-12-18 00:00:00    2005-05-06 00:00:00    Mucura
PAPC   XT    8.034400   -62.655000    468.8  2003-12-15 00:00:00    2005-05-08 00:00:00    El Pao
PFPC   XT    8.327600   -65.944300    131.2  2004-01-12 00:00:00    2005-02-28 00:00:00    Espino
PINA   XT   10.679600   -65.220000  -1103.0  2004-03-18 00:00:00    2005-03-18 00:00:00    Pina Colada
PNCH   XT   11.249300   -66.500900   -908.0  2004-03-17 00:00:00    2005-03-18 00:00:00    Rum Punch
PRPC   XT    8.501900   -63.625000    142.5  2003-12-16 00:00:00    2005-05-06 00:00:00    Proforca
ROPC   XT    9.909200   -66.384700    432.5  2003-12-10 00:00:00    2005-05-06 00:00:00    Orocollal
RPPC   XT    8.948500   -66.436100    162.2  2003-12-13 00:00:00    2004-05-21 00:00:00    Rancho Pelao
RPPC2  XT    8.949400   -66.436500    164.1  2004-07-22 00:00:00    2005-05-08 00:00:00    Rancho Pelao
SHRB   XT   11.270700   -67.349600  -1860.0  2004-03-17 00:00:00    2005-03-18 00:00:00    Shrob
SIPC   XT    9.359600   -63.057500     36.2  2003-12-14 00:00:00    2005-05-09 00:00:00    Santa Rita
SMPC   XT    8.512700   -66.321900    120.3  2003-12-09 00:00:00    2005-05-09 00:00:00    El Pero
SOMB   XT   12.720900   -64.931300  -3853.0  2004-03-19 12:26:53    2005-03-16 00:00:00    Sombrero
SRPC   XT    9.582500   -64.294200    320.2  2003-12-17 00:00:00    2005-05-07 00:00:00    Santa Rosa
STPC   XT    8.136500   -66.254400     79.0  2003-12-08 00:00:00    2005-05-09 00:00:00    Santa Rita
ULPC   XT    8.857100   -67.386500    101.8  2003-12-23 00:00:00    2005-05-07 00:00:00    Calabozo
VIPC   XT    7.860500   -62.065500    257.8  2003-12-13 00:00:00    2005-05-08 00:00:00    Villa Lola
ZUPC   XT    8.359700   -65.195100     93.4  2004-01-15 00:00:00    2005-05-10 00:00:00    Zuata
